<?xml version="1.0" encoding="UTF-8"?>
<!-- Generated by org.testng.reporters.JUnitXMLReporter -->
<testsuite hostname="LAPTOP-L8O5THTG" ignored="1" name="testconcepts.Tc002_Orange" tests="2" failures="0" timestamp="06 Apr 2023 23:13:58 GMT" time="19.644" errors="0">
  <testcase name="forgotpassword" time="0.475" classname="testconcepts.Tc002_Orange"/>
  <testcase name="login" time="2.491" classname="testconcepts.Tc002_Orange"/>
  <testcase name="title" time="0.0" classname="testconcepts.Tc002_Orange">
    <ignored/>
  </testcase> <!-- title -->
</testsuite> <!-- testconcepts.Tc002_Orange -->
