<?xml version="1.0" encoding="UTF-8"?>
<!-- Generated by org.testng.reporters.JUnitXMLReporter -->
<testsuite hostname="LAPTOP-L8O5THTG" ignored="0" name="testconcepts.Tc001_testngconcepts" tests="2" failures="0" timestamp="07 Apr 2023 14:15:20 GMT" time="7.121" errors="0">
  <testcase name="logindisplay" time="0.01" classname="testconcepts.Tc001_testngconcepts"/>
  <testcase name="password" time="0.001" classname="testconcepts.Tc001_testngconcepts"/>
</testsuite> <!-- testconcepts.Tc001_testngconcepts -->
