<?xml version="1.0" encoding="UTF-8"?>
<!-- Generated by org.testng.reporters.JUnitXMLReporter -->
<testsuite hostname="LAPTOP-L8O5THTG" ignored="0" name="TC003_periorities" tests="3" failures="0" timestamp="02 Mar 2023 15:30:47 GMT" time="0.01" errors="0">
  <testcase name="display" time="0.001" classname="testngconcepts.TC003_periorities"/>
  <testcase name="titlepage" time="0.001" classname="testngconcepts.TC003_periorities"/>
  <testcase name="button" time="0.001" classname="testngconcepts.TC003_periorities"/>
</testsuite> <!-- TC003_periorities -->
