<?xml version="1.0" encoding="UTF-8"?>
<testng-results skipped="0" failed="0" ignored="0" total="2" passed="2">
  <reporter-output>
  </reporter-output>
  <suite name="Default suite" duration-ms="7602" started-at="2023-04-07T14:27:58Z" finished-at="2023-04-07T14:28:06Z">
    <groups>
    </groups>
    <test name="Default test" duration-ms="7602" started-at="2023-04-07T14:27:58Z" finished-at="2023-04-07T14:28:06Z">
      <class name="testconcepts.Tc001_testngconcepts">
        <test-method status="PASS" signature="setup()[pri:0, instance:testconcepts.Tc001_testngconcepts@1c072cb]" name="setup" is-config="true" duration-ms="3577" started-at="2023-04-07T14:27:58Z" finished-at="2023-04-07T14:28:02Z">
          <reporter-output>
          </reporter-output>
        </test-method> <!-- setup -->
        <test-method status="PASS" signature="logindisplay()[pri:0, instance:testconcepts.Tc001_testngconcepts@1c072cb]" name="logindisplay" duration-ms="10" started-at="2023-04-07T14:28:02Z" finished-at="2023-04-07T14:28:02Z">
          <reporter-output>
          </reporter-output>
        </test-method> <!-- logindisplay -->
        <test-method status="PASS" signature="teardown()[pri:0, instance:testconcepts.Tc001_testngconcepts@1c072cb]" name="teardown" is-config="true" duration-ms="815" started-at="2023-04-07T14:28:02Z" finished-at="2023-04-07T14:28:03Z">
          <reporter-output>
          </reporter-output>
        </test-method> <!-- teardown -->
        <test-method status="PASS" signature="setup()[pri:0, instance:testconcepts.Tc001_testngconcepts@1c072cb]" name="setup" is-config="true" duration-ms="2470" started-at="2023-04-07T14:28:03Z" finished-at="2023-04-07T14:28:05Z">
          <reporter-output>
          </reporter-output>
        </test-method> <!-- setup -->
        <test-method status="PASS" signature="password()[pri:0, instance:testconcepts.Tc001_testngconcepts@1c072cb]" name="password" duration-ms="1" started-at="2023-04-07T14:28:05Z" finished-at="2023-04-07T14:28:05Z">
          <reporter-output>
          </reporter-output>
        </test-method> <!-- password -->
        <test-method status="PASS" signature="teardown()[pri:0, instance:testconcepts.Tc001_testngconcepts@1c072cb]" name="teardown" is-config="true" duration-ms="702" started-at="2023-04-07T14:28:05Z" finished-at="2023-04-07T14:28:06Z">
          <reporter-output>
          </reporter-output>
        </test-method> <!-- teardown -->
      </class> <!-- testconcepts.Tc001_testngconcepts -->
    </test> <!-- Default test -->
  </suite> <!-- Default suite -->
</testng-results>
